make.exe all --print-data-base --no-builtin-variables --no-builtin-rules --question
# GNU Make 3.81
# Copyright (C) 2006  Free Software Foundation, Inc.
# This is free software; see the source for copying conditions.
# There is NO warranty; not even for MERCHANTABILITY or FITNESS FOR A
# PARTICULAR PURPOSE.

# This program built for i386-pc-mingw32

# Make data base, printed on Sat Sep 10 15:55:33 2022

# Variables

# automatic
<D = $(patsubst %/,%,$(dir $<))
# automatic
?F = $(notdir $?)
# makefile (from `makefile', line 16)
SRC = src/cube/RubiksCubeInterface.java src/cube/RubiksCubeException.java src/cube/RubiksCube.java src/cube3X3/RubiksCube3X3.java src/cube3X3/RubiksCube3X3Factory.java src/cube3X3GUI/MainFrame3X3.java src/solve3X3/Algorithm3X3.java src/solve3X3/PlusBottom.java src/solve3X3/LayerFirst.java src/solve3X3/LayerSecond.java src/solve3X3/PlusTop.java src/solve3X3/AlignCenter.java src/solve3X3/Corner.java src/solve3X3/LayerThird.java src/solve3X3/Solve3X3.java src/solve3X3/Optimizer.java Main.java 
# makefile
MAKEFLAGS = Rrqp
# makefile (from `makefile', line 14)
HTMLVERSION = -html5
# automatic
?D = $(patsubst %/,%,$(dir $?))
# automatic
@D = $(patsubst %/,%,$(dir $@))
# environment
HOMEDRIVE = C:
# automatic
@F = $(notdir $@)
# automatic
^D = $(patsubst %/,%,$(dir $^))
# makefile
CURDIR := d:/Project/RubixCube/RubiksCube
# makefile (from `makefile', line 8)
MK = mkdir
# default
SHELL := C:/WinAVR-20100110/utils/bin/sh.exe
# makefile (from `makefile', line 7)
RM = rm -rf
# makefile (from `makefile', line 2)
RN = java
# environment
WINDIR = C:\WINDOWS
# environment
VSCODE_NLS_CONFIG = {"locale":"en-us","availableLanguages":{},"_languagePackSupport":true}
# environment
VBOX_MSI_INSTALL_PATH = C:\Program Files\Oracle\VirtualBox\
# environment
ONEDRIVE = C:\Users\kashi\OneDrive\Documents\OnDriveLocationHere\OneDrive
# environment
PATHEXT = .COM;.EXE;.BAT;.CMD;.VBS;.VBE;.JS;.JSE;.WSF;.WSH;.MSC
# makefile (from `makefile', line 1)
MAKEFILE_LIST :=  makefile
# environment
TMP = C:\Users\kashi\AppData\Local\Temp
# environment
PROGRAMW6432 = C:\Program Files
# environment
PROGRAMDATA = C:\ProgramData
# environment
VSCODE_CWD = C:\Users\kashi\AppData\Local\Programs\Microsoft VS Code
# environment
PATH = C:\Program Files (x86)\RSA SecurID Token Common;C:\WinAVR-20100110\bin;C:\WinAVR-20100110\utils\bin;C:\Windows\system32;C:\Windows;C:\Windows\System32\Wbem;C:\Windows\System32\WindowsPowerShell\v1.0\;C:\Windows\System32\OpenSSH\;C:\Program Files (x86)\NVIDIA Corporation\PhysX\Common;C:\Program Files\NVIDIA Corporation\NVIDIA NvDLISR;C:\WINDOWS\system32;C:\WINDOWS;C:\WINDOWS\System32\Wbem;C:\WINDOWS\System32\WindowsPowerShell\v1.0\;C:\WINDOWS\System32\OpenSSH\;C:\Program Files\Git\cmd;C:\Program Files (x86)\GnuWin32\bin;C:\Python;C:\Program Files\Java\jdk-10.0.2\bin;C:\Program Files (x86)\dotnet\;C:\Program Files\mingw-w64\x86_64-8.1.0-posix-seh-rt_v6-rev0\mingw64\bin;C:\Program Files\Java\jdk-10.0.2\include;C:\Program Files\dotnet\;C:\Program Files (x86)\RSA SecurID Token Common\;C:\Users\kashi\AppData\Local\Programs\Microsoft VS Code\bin
# environment
COMMONPROGRAMW6432 = C:\Program Files\Common Files
# environment
PROCESSOR_ARCHITECTURE = x86
# environment
USERPROFILE = C:\Users\kashi
# environment
ALLUSERSPROFILE = C:\ProgramData
# environment
NUMBER_OF_PROCESSORS = 12
# environment
ELECTRON_RUN_AS_NODE = 1
# default
.FEATURES := target-specific order-only second-expansion else-if archives
# automatic
%F = $(notdir $%)
# environment
CHROME_CRASHPAD_PIPE_NAME = \\.\pipe\crashpad_5084_ISQEPOMPJBJIOFIB
# makefile (from `makefile', line 6)
CPFLAG = -cp
# environment
COMPUTERNAME = LAPTOP-FGFKSPOU
# environment
PROGRAMFILES = C:\Program Files (x86)
# environment
DRIVERDATA = C:\Windows\System32\Drivers\DriverData
# environment
ORIGINAL_XDG_CURRENT_DESKTOP = undefined
# environment
AVR32_HOME = C:\WinAVR-20100110
# environment
USERNAME = kashi
# environment
PUBLIC = C:\Users\Public
# environment
VSCODE_AMD_ENTRYPOINT = vs/workbench/api/node/extensionHostProcess
# environment
VSCODE_CODE_CACHE_PATH = C:\Users\kashi\AppData\Roaming\Code\CachedData\784b0177c56c607789f9638da7b6bf3230d47a8c
# environment
APPLICATION_INSIGHTS_NO_DIAGNOSTIC_CHANNEL = 1
# environment
COMMONPROGRAMFILES = C:\Program Files (x86)\Common Files
# environment
LOGONSERVER = \\LAPTOP-FGFKSPOU
# environment
ONEDRIVECONSUMER = C:\Users\kashi\OneDrive\Documents\OnDriveLocationHere\OneDrive
# environment
VSCODE_HANDLES_UNCAUGHT_ERRORS = true
# environment
USERDOMAIN = LAPTOP-FGFKSPOU
# default
MAKE = $(MAKE_COMMAND)
# default
MAKECMDGOALS := all
# makefile (from `makefile', line 1)
CC = javac
# makefile (from `makefile', line 5)
DFLAG = -d
# default
MAKE_VERSION := 3.81
# environment
__PSLOCKDOWNPOLICY = 0
# environment
ACSVCPORT = 17532
# environment
ACSETUPSVCPORT = 23210
# environment
PROGRAMFILES(X86) = C:\Program Files (x86)
# automatic
%D = $(patsubst %/,%,$(dir $%))
# environment
LOCALAPPDATA = C:\Users\kashi\AppData\Local
# environment
PSMODULEPATH = C:\Program Files\WindowsPowerShell\Modules;C:\WINDOWS\system32\WindowsPowerShell\v1.0\Modules
# default
MAKE_COMMAND := make.exe
# environment
PROCESSOR_ARCHITEW6432 = AMD64
# makefile (from `makefile', line 3)
DOC = javadoc
# default
.VARIABLES := 
# automatic
*F = $(notdir $*)
# environment
PROCESSOR_IDENTIFIER = AMD64 Family 23 Model 96 Stepping 1, AuthenticAMD
# environment
OS = Windows_NT
# environment
VSCODE_IPC_HOOK = \\.\pipe\d2fe2cc3479b1bfa48d76b2738714933-1.71.0-main-sock
# environment
HOMEPATH = \Users\kashi
# environment
COMMONPROGRAMFILES(X86) = C:\Program Files (x86)\Common Files
# environment
PROMPT = $P$G
# environment
MFLAGS = -Rrqp
# automatic
*D = $(patsubst %/,%,$(dir $*))
# makefile (from `makefile', line 9)
MAIN = Main
# environment
SYSTEMROOT = C:\WINDOWS
# automatic
+D = $(patsubst %/,%,$(dir $+))
# automatic
+F = $(notdir $+)
# environment
APPDATA = C:\Users\kashi\AppData\Roaming
# environment
TEMP = C:\Users\kashi\AppData\Local\Temp
# environment
COMSPEC = C:\WINDOWS\system32\cmd.exe
# default
MAKEFILES := 
# automatic
<F = $(notdir $<)
# environment
RLSSVCPORT = 22112
# environment
LC_ALL = C
# automatic
^F = $(notdir $^)
# default
SUFFIXES := 
# environment
SYSTEMDRIVE = C:
# makefile (from `makefile', line 13)
DOCPACKAGE = src.cube src.cube3X3 src.solve3X3 src.cube3X3GUI
# environment
SESSIONNAME = Console
# environment
PROCESSOR_REVISION = 6001
# makefile (from `makefile', line 11)
CLSPATH = build
# makefile (from `makefile', line 12)
DOCPATH = doc
# environment
VBOX_HWVIRTEX_IGNORE_SVM_IN_USE = 1
# environment
MAKELEVEL := 0
# makefile
.DEFAULT_GOAL := all
# environment
LANG = C
# environment
PROCESSOR_LEVEL = 23
# environment
VSCODE_PID = 5084
# environment
USERDOMAIN_ROAMINGPROFILE = LAPTOP-FGFKSPOU
# variable set hash-table stats:
# Load=102/1024=10%, Rehash=0, Collisions=11/129=9%

# Pattern-specific Variable Values

# No pattern-specific variable values.

# Directories

# . (key d:/Project/RubixCube/RubiksCube, mtime 1662796853): 16 files, no impossibilities.
# C:\WinAVR-20100110\bin (key C:/WinAVR-20100110/bin, mtime 1619145347): 75 files, no impossibilities.
# C:\WinAVR-20100110\utils\bin (key C:/WinAVR-20100110/utils/bin, mtime 1619145358): 99 files, no impossibilities so far.
# C:\Program Files (x86)\RSA SecurID Token Common (key C:/Program Files (x86)/RSA SecurID Token Common, mtime 1652079791): 8 files, no impossibilities.

# 198 files, no impossibilities in 4 directories.

# Implicit Rules

# No implicit rules.

# Files

all: compile run doc
#  Command-line target.
#  Implicit rule search has been done.
#  File does not exist.
#  File has been updated.
#  Needs to be updated (-q is set).
# variable set hash-table stats:
# Load=0/32=0%, Rehash=0, Collisions=0/8=0%

# Not a target:
.DEFAULT:
#  Implicit rule search has not been done.
#  Modification time never checked.
#  File has not been updated.

# Not a target:
makefile:
#  Implicit rule search has been done.
#  Last modified 2022-09-10 10:22:55
#  File has been updated.
#  Successfully updated.
# variable set hash-table stats:
# Load=0/32=0%, Rehash=0, Collisions=0/0=0%

# Not a target:
.SUFFIXES:
#  Implicit rule search has not been done.
#  Modification time never checked.
#  File has not been updated.

compile:
#  Implicit rule search has not been done.
#  Implicit/static pattern stem: `'
#  File does not exist.
#  File has been updated.
#  Needs to be updated (-q is set).
# automatic
# @ := compile
# automatic
# % := 
# automatic
# * := 
# automatic
# + := 
# automatic
# | := 
# automatic
# < := 
# automatic
# ^ := 
# automatic
# ? := 
# variable set hash-table stats:
# Load=8/32=25%, Rehash=0, Collisions=7/16=44%
#  commands to execute (from `makefile', line 38):
	$(CC) $(CPFLAG) $(CLSPATH) $(SRC) $(DFLAG) $(CLSPATH)
	

run:
#  Implicit rule search has not been done.
#  Modification time never checked.
#  File has not been updated.
#  commands to execute (from `makefile', line 41):
	$(RN) $(CPFLAG) $(CLSPATH) $(MAIN)	
	

clean:
#  Implicit rule search has not been done.
#  Modification time never checked.
#  File has not been updated.
#  commands to execute (from `makefile', line 47):
	$(RM) $(CLSPATH) $(DOCPATH)  
	

doc:
#  Implicit rule search has not been done.
#  Modification time never checked.
#  File has not been updated.
#  commands to execute (from `makefile', line 44):
	$(DOC) $(DFLAG) $(DOCPATH) $(DOCPACKAGE) $(HTMLVERSION)
	

# files hash-table stats:
# Load=8/1024=1%, Rehash=0, Collisions=0/24=0%
# VPATH Search Paths

# No `vpath' search paths.

# No general (`VPATH' variable) search path.

# # of strings in strcache: 1
# # of strcache buffers: 1
# strcache size: total = 4096 / max = 4096 / min = 4096 / avg = 4096
# strcache free: total = 4087 / max = 4087 / min = 4087 / avg = 4087

# Finished Make data base on Sat Sep 10 15:55:33 2022

 
